<?xml version="1.0" encoding="UTF-8"?>
<testsuite xmlns:xsi="http://www.w3.org/2001/XMLSchema-instance" xsi:noNamespaceSchemaLocation="https://maven.apache.org/surefire/maven-surefire-plugin/xsd/surefire-test-report.xsd" name="com.wzw.seckill.SeckillApplicationTests" time="8.181" tests="1" errors="0" skipped="0" failures="0">
  <properties>
    <property name="sun.desktop" value="windows"/>
    <property name="awt.toolkit" value="sun.awt.windows.WToolkit"/>
    <property name="file.encoding.pkg" value="sun.io"/>
    <property name="java.specification.version" value="1.8"/>
    <property name="sun.cpu.isalist" value="pentium_pro+mmx pentium_pro pentium+mmx pentium i486 i386 i86"/>
    <property name="sun.jnu.encoding" value="GBK"/>
    <property name="java.class.path" value="D:\IDEA\seckill\target\test-classes;D:\IDEA\seckill\target\classes;D:\Java\repository\org\springframework\boot\spring-boot-starter-thymeleaf\2.6.3\spring-boot-starter-thymeleaf-2.6.3.jar;D:\Java\repository\org\springframework\boot\spring-boot-starter\2.6.3\spring-boot-starter-2.6.3.jar;D:\Java\repository\org\springframework\boot\spring-boot\2.6.3\spring-boot-2.6.3.jar;D:\Java\repository\org\springframework\boot\spring-boot-starter-logging\2.6.3\spring-boot-starter-logging-2.6.3.jar;D:\Java\repository\ch\qos\logback\logback-classic\1.2.10\logback-classic-1.2.10.jar;D:\Java\repository\ch\qos\logback\logback-core\1.2.10\logback-core-1.2.10.jar;D:\Java\repository\org\apache\logging\log4j\log4j-to-slf4j\2.17.1\log4j-to-slf4j-2.17.1.jar;D:\Java\repository\org\apache\logging\log4j\log4j-api\2.17.1\log4j-api-2.17.1.jar;D:\Java\repository\org\slf4j\jul-to-slf4j\1.7.33\jul-to-slf4j-1.7.33.jar;D:\Java\repository\jakarta\annotation\jakarta.annotation-api\1.3.5\jakarta.annotation-api-1.3.5.jar;D:\Java\repository\org\yaml\snakeyaml\1.29\snakeyaml-1.29.jar;D:\Java\repository\org\thymeleaf\thymeleaf-spring5\3.0.14.RELEASE\thymeleaf-spring5-3.0.14.RELEASE.jar;D:\Java\repository\org\thymeleaf\thymeleaf\3.0.14.RELEASE\thymeleaf-3.0.14.RELEASE.jar;D:\Java\repository\org\attoparser\attoparser\2.0.5.RELEASE\attoparser-2.0.5.RELEASE.jar;D:\Java\repository\org\unbescape\unbescape\1.1.6.RELEASE\unbescape-1.1.6.RELEASE.jar;D:\Java\repository\org\slf4j\slf4j-api\1.7.33\slf4j-api-1.7.33.jar;D:\Java\repository\org\thymeleaf\extras\thymeleaf-extras-java8time\3.0.4.RELEASE\thymeleaf-extras-java8time-3.0.4.RELEASE.jar;D:\Java\repository\org\springframework\boot\spring-boot-starter-web\2.6.3\spring-boot-starter-web-2.6.3.jar;D:\Java\repository\org\springframework\boot\spring-boot-starter-json\2.6.3\spring-boot-starter-json-2.6.3.jar;D:\Java\repository\com\fasterxml\jackson\core\jackson-databind\2.13.1\jackson-databind-2.13.1.jar;D:\Java\repository\com\fasterxml\jackson\core\jackson-annotations\2.13.1\jackson-annotations-2.13.1.jar;D:\Java\repository\com\fasterxml\jackson\core\jackson-core\2.13.1\jackson-core-2.13.1.jar;D:\Java\repository\com\fasterxml\jackson\datatype\jackson-datatype-jdk8\2.13.1\jackson-datatype-jdk8-2.13.1.jar;D:\Java\repository\com\fasterxml\jackson\datatype\jackson-datatype-jsr310\2.13.1\jackson-datatype-jsr310-2.13.1.jar;D:\Java\repository\com\fasterxml\jackson\module\jackson-module-parameter-names\2.13.1\jackson-module-parameter-names-2.13.1.jar;D:\Java\repository\org\springframework\boot\spring-boot-starter-tomcat\2.6.3\spring-boot-starter-tomcat-2.6.3.jar;D:\Java\repository\org\apache\tomcat\embed\tomcat-embed-core\9.0.56\tomcat-embed-core-9.0.56.jar;D:\Java\repository\org\apache\tomcat\embed\tomcat-embed-el\9.0.56\tomcat-embed-el-9.0.56.jar;D:\Java\repository\org\apache\tomcat\embed\tomcat-embed-websocket\9.0.56\tomcat-embed-websocket-9.0.56.jar;D:\Java\repository\org\springframework\spring-web\5.3.15\spring-web-5.3.15.jar;D:\Java\repository\org\springframework\spring-beans\5.3.15\spring-beans-5.3.15.jar;D:\Java\repository\org\springframework\spring-webmvc\5.3.15\spring-webmvc-5.3.15.jar;D:\Java\repository\org\springframework\spring-aop\5.3.15\spring-aop-5.3.15.jar;D:\Java\repository\org\springframework\spring-context\5.3.15\spring-context-5.3.15.jar;D:\Java\repository\org\springframework\spring-expression\5.3.15\spring-expression-5.3.15.jar;D:\Java\repository\com\baomidou\mybatis-plus-boot-starter\3.5.1\mybatis-plus-boot-starter-3.5.1.jar;D:\Java\repository\com\baomidou\mybatis-plus\3.5.1\mybatis-plus-3.5.1.jar;D:\Java\repository\com\baomidou\mybatis-plus-extension\3.5.1\mybatis-plus-extension-3.5.1.jar;D:\Java\repository\com\baomidou\mybatis-plus-core\3.5.1\mybatis-plus-core-3.5.1.jar;D:\Java\repository\com\baomidou\mybatis-plus-annotation\3.5.1\mybatis-plus-annotation-3.5.1.jar;D:\Java\repository\com\github\jsqlparser\jsqlparser\4.3\jsqlparser-4.3.jar;D:\Java\repository\org\mybatis\mybatis\3.5.9\mybatis-3.5.9.jar;D:\Java\repository\org\mybatis\mybatis-spring\2.0.6\mybatis-spring-2.0.6.jar;D:\Java\repository\org\springframework\boot\spring-boot-autoconfigure\2.6.3\spring-boot-autoconfigure-2.6.3.jar;D:\Java\repository\org\springframework\boot\spring-boot-starter-jdbc\2.6.3\spring-boot-starter-jdbc-2.6.3.jar;D:\Java\repository\com\zaxxer\HikariCP\4.0.3\HikariCP-4.0.3.jar;D:\Java\repository\org\springframework\spring-jdbc\5.3.15\spring-jdbc-5.3.15.jar;D:\Java\repository\mysql\mysql-connector-java\8.0.28\mysql-connector-java-8.0.28.jar;D:\Java\repository\org\projectlombok\lombok\1.18.22\lombok-1.18.22.jar;D:\Java\repository\org\springframework\boot\spring-boot-starter-test\2.6.3\spring-boot-starter-test-2.6.3.jar;D:\Java\repository\org\springframework\boot\spring-boot-test\2.6.3\spring-boot-test-2.6.3.jar;D:\Java\repository\org\springframework\boot\spring-boot-test-autoconfigure\2.6.3\spring-boot-test-autoconfigure-2.6.3.jar;D:\Java\repository\com\jayway\jsonpath\json-path\2.6.0\json-path-2.6.0.jar;D:\Java\repository\net\minidev\json-smart\2.4.7\json-smart-2.4.7.jar;D:\Java\repository\net\minidev\accessors-smart\2.4.7\accessors-smart-2.4.7.jar;D:\Java\repository\org\ow2\asm\asm\9.1\asm-9.1.jar;D:\Java\repository\jakarta\xml\bind\jakarta.xml.bind-api\2.3.3\jakarta.xml.bind-api-2.3.3.jar;D:\Java\repository\jakarta\activation\jakarta.activation-api\1.2.2\jakarta.activation-api-1.2.2.jar;D:\Java\repository\org\assertj\assertj-core\3.21.0\assertj-core-3.21.0.jar;D:\Java\repository\org\hamcrest\hamcrest\2.2\hamcrest-2.2.jar;D:\Java\repository\org\junit\jupiter\junit-jupiter\5.8.2\junit-jupiter-5.8.2.jar;D:\Java\repository\org\junit\jupiter\junit-jupiter-api\5.8.2\junit-jupiter-api-5.8.2.jar;D:\Java\repository\org\opentest4j\opentest4j\1.2.0\opentest4j-1.2.0.jar;D:\Java\repository\org\junit\platform\junit-platform-commons\1.8.2\junit-platform-commons-1.8.2.jar;D:\Java\repository\org\apiguardian\apiguardian-api\1.1.2\apiguardian-api-1.1.2.jar;D:\Java\repository\org\junit\jupiter\junit-jupiter-params\5.8.2\junit-jupiter-params-5.8.2.jar;D:\Java\repository\org\junit\jupiter\junit-jupiter-engine\5.8.2\junit-jupiter-engine-5.8.2.jar;D:\Java\repository\org\junit\platform\junit-platform-engine\1.8.2\junit-platform-engine-1.8.2.jar;D:\Java\repository\org\mockito\mockito-core\4.0.0\mockito-core-4.0.0.jar;D:\Java\repository\net\bytebuddy\byte-buddy\1.11.22\byte-buddy-1.11.22.jar;D:\Java\repository\net\bytebuddy\byte-buddy-agent\1.11.22\byte-buddy-agent-1.11.22.jar;D:\Java\repository\org\objenesis\objenesis\3.2\objenesis-3.2.jar;D:\Java\repository\org\mockito\mockito-junit-jupiter\4.0.0\mockito-junit-jupiter-4.0.0.jar;D:\Java\repository\org\skyscreamer\jsonassert\1.5.0\jsonassert-1.5.0.jar;D:\Java\repository\com\vaadin\external\google\android-json\0.0.20131108.vaadin1\android-json-0.0.20131108.vaadin1.jar;D:\Java\repository\org\springframework\spring-core\5.3.15\spring-core-5.3.15.jar;D:\Java\repository\org\springframework\spring-jcl\5.3.15\spring-jcl-5.3.15.jar;D:\Java\repository\org\springframework\spring-test\5.3.15\spring-test-5.3.15.jar;D:\Java\repository\org\xmlunit\xmlunit-core\2.8.4\xmlunit-core-2.8.4.jar;D:\Java\repository\commons-codec\commons-codec\1.15\commons-codec-1.15.jar;D:\Java\repository\org\apache\commons\commons-lang3\3.6\commons-lang3-3.6.jar;D:\Java\repository\org\hibernate\validator\hibernate-validator\6.0.17.Final\hibernate-validator-6.0.17.Final.jar;D:\Java\repository\org\jboss\logging\jboss-logging\3.4.3.Final\jboss-logging-3.4.3.Final.jar;D:\Java\repository\com\fasterxml\classmate\1.5.1\classmate-1.5.1.jar;D:\Java\repository\javax\validation\validation-api\2.0.1.Final\validation-api-2.0.1.Final.jar;D:\Java\repository\org\springframework\boot\spring-boot-starter-data-redis\2.6.3\spring-boot-starter-data-redis-2.6.3.jar;D:\Java\repository\org\springframework\data\spring-data-redis\2.6.1\spring-data-redis-2.6.1.jar;D:\Java\repository\org\springframework\data\spring-data-keyvalue\2.6.1\spring-data-keyvalue-2.6.1.jar;D:\Java\repository\org\springframework\data\spring-data-commons\2.6.1\spring-data-commons-2.6.1.jar;D:\Java\repository\org\springframework\spring-tx\5.3.15\spring-tx-5.3.15.jar;D:\Java\repository\org\springframework\spring-oxm\5.3.15\spring-oxm-5.3.15.jar;D:\Java\repository\org\springframework\spring-context-support\5.3.15\spring-context-support-5.3.15.jar;D:\Java\repository\io\lettuce\lettuce-core\6.1.6.RELEASE\lettuce-core-6.1.6.RELEASE.jar;D:\Java\repository\io\netty\netty-common\4.1.73.Final\netty-common-4.1.73.Final.jar;D:\Java\repository\io\netty\netty-handler\4.1.73.Final\netty-handler-4.1.73.Final.jar;D:\Java\repository\io\netty\netty-resolver\4.1.73.Final\netty-resolver-4.1.73.Final.jar;D:\Java\repository\io\netty\netty-buffer\4.1.73.Final\netty-buffer-4.1.73.Final.jar;D:\Java\repository\io\netty\netty-codec\4.1.73.Final\netty-codec-4.1.73.Final.jar;D:\Java\repository\io\netty\netty-tcnative-classes\2.0.46.Final\netty-tcnative-classes-2.0.46.Final.jar;D:\Java\repository\io\netty\netty-transport\4.1.73.Final\netty-transport-4.1.73.Final.jar;D:\Java\repository\io\projectreactor\reactor-core\3.4.14\reactor-core-3.4.14.jar;D:\Java\repository\org\reactivestreams\reactive-streams\1.0.3\reactive-streams-1.0.3.jar;D:\Java\repository\org\apache\commons\commons-pool2\2.11.1\commons-pool2-2.11.1.jar;"/>
    <property name="java.vm.vendor" value="Oracle Corporation"/>
    <property name="sun.arch.data.model" value="32"/>
    <property name="user.variant" value=""/>
    <property name="java.vendor.url" value="http://java.oracle.com/"/>
    <property name="user.timezone" value="Asia/Shanghai"/>
    <property name="java.vm.specification.version" value="1.8"/>
    <property name="os.name" value="Windows 10"/>
    <property name="user.country" value="CN"/>
    <property name="sun.java.launcher" value="SUN_STANDARD"/>
    <property name="sun.boot.library.path" value="D:\Java\jdk1.8.0_144\jre\bin"/>
    <property name="sun.java.command" value="C:\Users\aSUSS\AppData\Local\Temp\surefire1342003570712860711\surefirebooter1186017479851937396.jar C:\Users\aSUSS\AppData\Local\Temp\surefire1342003570712860711 2022-02-26T23-52-22_226-jvmRun1 surefire7335447791321452224tmp surefire_03283180540371455279tmp"/>
    <property name="surefire.test.class.path" value="D:\IDEA\seckill\target\test-classes;D:\IDEA\seckill\target\classes;D:\Java\repository\org\springframework\boot\spring-boot-starter-thymeleaf\2.6.3\spring-boot-starter-thymeleaf-2.6.3.jar;D:\Java\repository\org\springframework\boot\spring-boot-starter\2.6.3\spring-boot-starter-2.6.3.jar;D:\Java\repository\org\springframework\boot\spring-boot\2.6.3\spring-boot-2.6.3.jar;D:\Java\repository\org\springframework\boot\spring-boot-starter-logging\2.6.3\spring-boot-starter-logging-2.6.3.jar;D:\Java\repository\ch\qos\logback\logback-classic\1.2.10\logback-classic-1.2.10.jar;D:\Java\repository\ch\qos\logback\logback-core\1.2.10\logback-core-1.2.10.jar;D:\Java\repository\org\apache\logging\log4j\log4j-to-slf4j\2.17.1\log4j-to-slf4j-2.17.1.jar;D:\Java\repository\org\apache\logging\log4j\log4j-api\2.17.1\log4j-api-2.17.1.jar;D:\Java\repository\org\slf4j\jul-to-slf4j\1.7.33\jul-to-slf4j-1.7.33.jar;D:\Java\repository\jakarta\annotation\jakarta.annotation-api\1.3.5\jakarta.annotation-api-1.3.5.jar;D:\Java\repository\org\yaml\snakeyaml\1.29\snakeyaml-1.29.jar;D:\Java\repository\org\thymeleaf\thymeleaf-spring5\3.0.14.RELEASE\thymeleaf-spring5-3.0.14.RELEASE.jar;D:\Java\repository\org\thymeleaf\thymeleaf\3.0.14.RELEASE\thymeleaf-3.0.14.RELEASE.jar;D:\Java\repository\org\attoparser\attoparser\2.0.5.RELEASE\attoparser-2.0.5.RELEASE.jar;D:\Java\repository\org\unbescape\unbescape\1.1.6.RELEASE\unbescape-1.1.6.RELEASE.jar;D:\Java\repository\org\slf4j\slf4j-api\1.7.33\slf4j-api-1.7.33.jar;D:\Java\repository\org\thymeleaf\extras\thymeleaf-extras-java8time\3.0.4.RELEASE\thymeleaf-extras-java8time-3.0.4.RELEASE.jar;D:\Java\repository\org\springframework\boot\spring-boot-starter-web\2.6.3\spring-boot-starter-web-2.6.3.jar;D:\Java\repository\org\springframework\boot\spring-boot-starter-json\2.6.3\spring-boot-starter-json-2.6.3.jar;D:\Java\repository\com\fasterxml\jackson\core\jackson-databind\2.13.1\jackson-databind-2.13.1.jar;D:\Java\repository\com\fasterxml\jackson\core\jackson-annotations\2.13.1\jackson-annotations-2.13.1.jar;D:\Java\repository\com\fasterxml\jackson\core\jackson-core\2.13.1\jackson-core-2.13.1.jar;D:\Java\repository\com\fasterxml\jackson\datatype\jackson-datatype-jdk8\2.13.1\jackson-datatype-jdk8-2.13.1.jar;D:\Java\repository\com\fasterxml\jackson\datatype\jackson-datatype-jsr310\2.13.1\jackson-datatype-jsr310-2.13.1.jar;D:\Java\repository\com\fasterxml\jackson\module\jackson-module-parameter-names\2.13.1\jackson-module-parameter-names-2.13.1.jar;D:\Java\repository\org\springframework\boot\spring-boot-starter-tomcat\2.6.3\spring-boot-starter-tomcat-2.6.3.jar;D:\Java\repository\org\apache\tomcat\embed\tomcat-embed-core\9.0.56\tomcat-embed-core-9.0.56.jar;D:\Java\repository\org\apache\tomcat\embed\tomcat-embed-el\9.0.56\tomcat-embed-el-9.0.56.jar;D:\Java\repository\org\apache\tomcat\embed\tomcat-embed-websocket\9.0.56\tomcat-embed-websocket-9.0.56.jar;D:\Java\repository\org\springframework\spring-web\5.3.15\spring-web-5.3.15.jar;D:\Java\repository\org\springframework\spring-beans\5.3.15\spring-beans-5.3.15.jar;D:\Java\repository\org\springframework\spring-webmvc\5.3.15\spring-webmvc-5.3.15.jar;D:\Java\repository\org\springframework\spring-aop\5.3.15\spring-aop-5.3.15.jar;D:\Java\repository\org\springframework\spring-context\5.3.15\spring-context-5.3.15.jar;D:\Java\repository\org\springframework\spring-expression\5.3.15\spring-expression-5.3.15.jar;D:\Java\repository\com\baomidou\mybatis-plus-boot-starter\3.5.1\mybatis-plus-boot-starter-3.5.1.jar;D:\Java\repository\com\baomidou\mybatis-plus\3.5.1\mybatis-plus-3.5.1.jar;D:\Java\repository\com\baomidou\mybatis-plus-extension\3.5.1\mybatis-plus-extension-3.5.1.jar;D:\Java\repository\com\baomidou\mybatis-plus-core\3.5.1\mybatis-plus-core-3.5.1.jar;D:\Java\repository\com\baomidou\mybatis-plus-annotation\3.5.1\mybatis-plus-annotation-3.5.1.jar;D:\Java\repository\com\github\jsqlparser\jsqlparser\4.3\jsqlparser-4.3.jar;D:\Java\repository\org\mybatis\mybatis\3.5.9\mybatis-3.5.9.jar;D:\Java\repository\org\mybatis\mybatis-spring\2.0.6\mybatis-spring-2.0.6.jar;D:\Java\repository\org\springframework\boot\spring-boot-autoconfigure\2.6.3\spring-boot-autoconfigure-2.6.3.jar;D:\Java\repository\org\springframework\boot\spring-boot-starter-jdbc\2.6.3\spring-boot-starter-jdbc-2.6.3.jar;D:\Java\repository\com\zaxxer\HikariCP\4.0.3\HikariCP-4.0.3.jar;D:\Java\repository\org\springframework\spring-jdbc\5.3.15\spring-jdbc-5.3.15.jar;D:\Java\repository\mysql\mysql-connector-java\8.0.28\mysql-connector-java-8.0.28.jar;D:\Java\repository\org\projectlombok\lombok\1.18.22\lombok-1.18.22.jar;D:\Java\repository\org\springframework\boot\spring-boot-starter-test\2.6.3\spring-boot-starter-test-2.6.3.jar;D:\Java\repository\org\springframework\boot\spring-boot-test\2.6.3\spring-boot-test-2.6.3.jar;D:\Java\repository\org\springframework\boot\spring-boot-test-autoconfigure\2.6.3\spring-boot-test-autoconfigure-2.6.3.jar;D:\Java\repository\com\jayway\jsonpath\json-path\2.6.0\json-path-2.6.0.jar;D:\Java\repository\net\minidev\json-smart\2.4.7\json-smart-2.4.7.jar;D:\Java\repository\net\minidev\accessors-smart\2.4.7\accessors-smart-2.4.7.jar;D:\Java\repository\org\ow2\asm\asm\9.1\asm-9.1.jar;D:\Java\repository\jakarta\xml\bind\jakarta.xml.bind-api\2.3.3\jakarta.xml.bind-api-2.3.3.jar;D:\Java\repository\jakarta\activation\jakarta.activation-api\1.2.2\jakarta.activation-api-1.2.2.jar;D:\Java\repository\org\assertj\assertj-core\3.21.0\assertj-core-3.21.0.jar;D:\Java\repository\org\hamcrest\hamcrest\2.2\hamcrest-2.2.jar;D:\Java\repository\org\junit\jupiter\junit-jupiter\5.8.2\junit-jupiter-5.8.2.jar;D:\Java\repository\org\junit\jupiter\junit-jupiter-api\5.8.2\junit-jupiter-api-5.8.2.jar;D:\Java\repository\org\opentest4j\opentest4j\1.2.0\opentest4j-1.2.0.jar;D:\Java\repository\org\junit\platform\junit-platform-commons\1.8.2\junit-platform-commons-1.8.2.jar;D:\Java\repository\org\apiguardian\apiguardian-api\1.1.2\apiguardian-api-1.1.2.jar;D:\Java\repository\org\junit\jupiter\junit-jupiter-params\5.8.2\junit-jupiter-params-5.8.2.jar;D:\Java\repository\org\junit\jupiter\junit-jupiter-engine\5.8.2\junit-jupiter-engine-5.8.2.jar;D:\Java\repository\org\junit\platform\junit-platform-engine\1.8.2\junit-platform-engine-1.8.2.jar;D:\Java\repository\org\mockito\mockito-core\4.0.0\mockito-core-4.0.0.jar;D:\Java\repository\net\bytebuddy\byte-buddy\1.11.22\byte-buddy-1.11.22.jar;D:\Java\repository\net\bytebuddy\byte-buddy-agent\1.11.22\byte-buddy-agent-1.11.22.jar;D:\Java\repository\org\objenesis\objenesis\3.2\objenesis-3.2.jar;D:\Java\repository\org\mockito\mockito-junit-jupiter\4.0.0\mockito-junit-jupiter-4.0.0.jar;D:\Java\repository\org\skyscreamer\jsonassert\1.5.0\jsonassert-1.5.0.jar;D:\Java\repository\com\vaadin\external\google\android-json\0.0.20131108.vaadin1\android-json-0.0.20131108.vaadin1.jar;D:\Java\repository\org\springframework\spring-core\5.3.15\spring-core-5.3.15.jar;D:\Java\repository\org\springframework\spring-jcl\5.3.15\spring-jcl-5.3.15.jar;D:\Java\repository\org\springframework\spring-test\5.3.15\spring-test-5.3.15.jar;D:\Java\repository\org\xmlunit\xmlunit-core\2.8.4\xmlunit-core-2.8.4.jar;D:\Java\repository\commons-codec\commons-codec\1.15\commons-codec-1.15.jar;D:\Java\repository\org\apache\commons\commons-lang3\3.6\commons-lang3-3.6.jar;D:\Java\repository\org\hibernate\validator\hibernate-validator\6.0.17.Final\hibernate-validator-6.0.17.Final.jar;D:\Java\repository\org\jboss\logging\jboss-logging\3.4.3.Final\jboss-logging-3.4.3.Final.jar;D:\Java\repository\com\fasterxml\classmate\1.5.1\classmate-1.5.1.jar;D:\Java\repository\javax\validation\validation-api\2.0.1.Final\validation-api-2.0.1.Final.jar;D:\Java\repository\org\springframework\boot\spring-boot-starter-data-redis\2.6.3\spring-boot-starter-data-redis-2.6.3.jar;D:\Java\repository\org\springframework\data\spring-data-redis\2.6.1\spring-data-redis-2.6.1.jar;D:\Java\repository\org\springframework\data\spring-data-keyvalue\2.6.1\spring-data-keyvalue-2.6.1.jar;D:\Java\repository\org\springframework\data\spring-data-commons\2.6.1\spring-data-commons-2.6.1.jar;D:\Java\repository\org\springframework\spring-tx\5.3.15\spring-tx-5.3.15.jar;D:\Java\repository\org\springframework\spring-oxm\5.3.15\spring-oxm-5.3.15.jar;D:\Java\repository\org\springframework\spring-context-support\5.3.15\spring-context-support-5.3.15.jar;D:\Java\repository\io\lettuce\lettuce-core\6.1.6.RELEASE\lettuce-core-6.1.6.RELEASE.jar;D:\Java\repository\io\netty\netty-common\4.1.73.Final\netty-common-4.1.73.Final.jar;D:\Java\repository\io\netty\netty-handler\4.1.73.Final\netty-handler-4.1.73.Final.jar;D:\Java\repository\io\netty\netty-resolver\4.1.73.Final\netty-resolver-4.1.73.Final.jar;D:\Java\repository\io\netty\netty-buffer\4.1.73.Final\netty-buffer-4.1.73.Final.jar;D:\Java\repository\io\netty\netty-codec\4.1.73.Final\netty-codec-4.1.73.Final.jar;D:\Java\repository\io\netty\netty-tcnative-classes\2.0.46.Final\netty-tcnative-classes-2.0.46.Final.jar;D:\Java\repository\io\netty\netty-transport\4.1.73.Final\netty-transport-4.1.73.Final.jar;D:\Java\repository\io\projectreactor\reactor-core\3.4.14\reactor-core-3.4.14.jar;D:\Java\repository\org\reactivestreams\reactive-streams\1.0.3\reactive-streams-1.0.3.jar;D:\Java\repository\org\apache\commons\commons-pool2\2.11.1\commons-pool2-2.11.1.jar;"/>
    <property name="sun.cpu.endian" value="little"/>
    <property name="user.home" value="C:\Users\aSUSS"/>
    <property name="user.language" value="zh"/>
    <property name="java.specification.vendor" value="Oracle Corporation"/>
    <property name="java.home" value="D:\Java\jdk1.8.0_144\jre"/>
    <property name="basedir" value="D:\IDEA\seckill"/>
    <property name="file.separator" value="\"/>
    <property name="line.separator" value="&#10;"/>
    <property name="java.vm.specification.vendor" value="Oracle Corporation"/>
    <property name="java.specification.name" value="Java Platform API Specification"/>
    <property name="java.awt.graphicsenv" value="sun.awt.Win32GraphicsEnvironment"/>
    <property name="surefire.real.class.path" value="C:\Users\aSUSS\AppData\Local\Temp\surefire1342003570712860711\surefirebooter1186017479851937396.jar"/>
    <property name="sun.boot.class.path" value="D:\Java\jdk1.8.0_144\jre\lib\resources.jar;D:\Java\jdk1.8.0_144\jre\lib\rt.jar;D:\Java\jdk1.8.0_144\jre\lib\sunrsasign.jar;D:\Java\jdk1.8.0_144\jre\lib\jsse.jar;D:\Java\jdk1.8.0_144\jre\lib\jce.jar;D:\Java\jdk1.8.0_144\jre\lib\charsets.jar;D:\Java\jdk1.8.0_144\jre\lib\jfr.jar;D:\Java\jdk1.8.0_144\jre\classes"/>
    <property name="user.script" value=""/>
    <property name="sun.management.compiler" value="HotSpot Client Compiler"/>
    <property name="java.runtime.version" value="1.8.0_144-b01"/>
    <property name="user.name" value="aSUSS"/>
    <property name="path.separator" value=";"/>
    <property name="os.version" value="10.0"/>
    <property name="java.endorsed.dirs" value="D:\Java\jdk1.8.0_144\jre\lib\endorsed"/>
    <property name="java.runtime.name" value="Java(TM) SE Runtime Environment"/>
    <property name="file.encoding" value="GBK"/>
    <property name="java.vm.name" value="Java HotSpot(TM) Client VM"/>
    <property name="localRepository" value="D:\Java\repository"/>
    <property name="java.vendor.url.bug" value="http://bugreport.sun.com/bugreport/"/>
    <property name="java.io.tmpdir" value="C:\Users\aSUSS\AppData\Local\Temp\"/>
    <property name="idea.version" value="2018.1.3"/>
    <property name="java.version" value="1.8.0_144"/>
    <property name="user.dir" value="D:\IDEA\seckill"/>
    <property name="os.arch" value="x86"/>
    <property name="java.vm.specification.name" value="Java Virtual Machine Specification"/>
    <property name="java.awt.printerjob" value="sun.awt.windows.WPrinterJob"/>
    <property name="sun.os.patch.level" value=""/>
    <property name="java.library.path" value="D:\Java\jdk1.8.0_144\jre\bin;C:\WINDOWS\Sun\Java\bin;C:\WINDOWS\system32;C:\WINDOWS;D:\CUDA-v80\v8.0\bin;D:\CUDA-v80\v8.0\libnvvp;D:\Java\jdk1.8.0_144\bin;C:\WINDOWS\system32;C:\WINDOWS;C:\WINDOWS\System32\Wbem;C:\WINDOWS\System32\WindowsPowerShell\v1.0\;D:\IDEA\IntelliJ IDEA 2017.2.4\plugins\maven\lib\maven3\bin;D:\MATLAB\runtime\win64;D:\MATLAB\bin;D:\MATLAB\polyspace\bin;D:\Git\Git\cmd;D:\LINGO64_17\;C:\WINDOWS\System32\OpenSSH\;D:\MySQL\MySQL\bin;D:\Grapgviz2.38\bin;D:\SQLite;D:\CTex\UserData\miktex\bin;D:\CTex\MiKTeX\miktex\bin;D:\CTex\CTeX\ctex\bin;D:\CTex\CTeX\cct\bin;D:\CTex\CTeX\ty\bin;D:\CTex\Ghostscript\gs9.05\bin;D:\CTex\GSview\gsview;D:\CTex\WinEdt;D:\MinGW-w64\mingw32\bin;D:\Python\Python3.5.2\;D:\Python\Python3.5.2\Scripts;D:\opencv\opencv\build\x64\vc15\bin;D:\cmake\bin;D:\Anaconda3;D:\Anaconda3\Library\mingw-w64\bin;D:\Anaconda3\Library\bin;D:\Anaconda3\Scripts\;C:\TDM-GCC-64\bin;D:\Xmanager 7\;D:\Go\bin;D:\ffmpeg\bin;D:\nodejs\;D:\Xshell\;C:\Users\aSUSS\AppData\Local\Microsoft\WindowsApps;D:\Python\Python3.5.2\Scripts;D:\Python\Python3.5.2\;D:\texlive\2020\bin\win32;C:\Users\aSUSS\AppData\Local\Microsoft\WindowsApps;C:\Users\aSUSS\go\bin;C:\Users\aSUSS\AppData\Roaming\npm;."/>
    <property name="java.vm.info" value="mixed mode, sharing"/>
    <property name="java.vendor" value="Oracle Corporation"/>
    <property name="java.vm.version" value="25.144-b01"/>
    <property name="java.ext.dirs" value="D:\Java\jdk1.8.0_144\jre\lib\ext;C:\WINDOWS\Sun\Java\lib\ext"/>
    <property name="sun.io.unicode.encoding" value="UnicodeLittle"/>
    <property name="java.class.version" value="52.0"/>
  </properties>
  <testcase name="contextLoads" classname="com.wzw.seckill.SeckillApplicationTests" time="0.306"/>
</testsuite>